<?xml version="1.0" encoding="UTF-8"?>
<!-- Generated by org.testng.reporters.JUnitXMLReporter -->
<testsuite ignored="1" hostname="SPBLRLTU627" failures="0" tests="3" name="GRP-Regression" time="0.052" errors="0" timestamp="2022-09-27T14:55:24 IST">
  <testcase classname="Testng.Group_Testcases" name="atest3" time="0.009"/>
  <testcase classname="Testng.Group_Testcases" name="atest1" time="0.001"/>
  <testcase classname="Testng.Group_Testcases" name="atest2" time="0.001"/>
  <testcase classname="Testng.Group_Testcases" name="atest4" time="0.0">
    <ignored/>
  </testcase> <!-- atest4 -->
</testsuite> <!-- GRP-Regression -->
