<?xml version="1.0" encoding="UTF-8"?>
<!-- Generated by org.testng.reporters.JUnitXMLReporter -->
<testsuite ignored="0" hostname="SPBLRLTU627" failures="0" tests="4" name="GRP-User-Registration" time="0.059" errors="0" timestamp="2022-09-27T14:57:29 IST">
  <testcase classname="Testng.Group_Testcases" name="atest3" time="0.009"/>
  <testcase classname="Testng.Group_Testcases" name="atest4" time="0.002"/>
  <testcase classname="Testng.Group_Testcases" name="atest1" time="0.001"/>
  <testcase classname="Testng.Group_Testcases" name="atest2" time="0.002"/>
</testsuite> <!-- GRP-User-Registration -->
