<?xml version="1.0" encoding="UTF-8"?>
<!-- Generated by org.testng.reporters.JUnitXMLReporter -->
<testsuite ignored="2" hostname="SPBLRLTU627" failures="0" tests="2" name="GRP-bvt" time="0.049" errors="0" timestamp="2022-09-27T14:54:37 IST">
  <testcase classname="Testng.Group_Testcases" name="atest3" time="0.009"/>
  <testcase classname="Testng.Group_Testcases" name="atest4" time="0.001"/>
  <testcase classname="Testng.Group_Testcases" name="atest1" time="0.0">
    <ignored/>
  </testcase> <!-- atest1 -->
  <testcase classname="Testng.Group_Testcases" name="atest2" time="0.0">
    <ignored/>
  </testcase> <!-- atest2 -->
</testsuite> <!-- GRP-bvt -->
