<?xml version="1.0" encoding="UTF-8"?>
<testng-results ignored="0" total="6" passed="6" failed="0" skipped="0">
  <reporter-output>
  </reporter-output>
  <suite started-at="2022-10-26T14:35:35 IST" name="Default suite" finished-at="2022-10-26T14:35:45 IST" duration-ms="9908">
    <groups>
    </groups>
    <test started-at="2022-10-26T14:35:35 IST" name="Default test" finished-at="2022-10-26T14:35:45 IST" duration-ms="9908">
      <class name="testcases.TC013">
        <test-method signature="test1()[pri:0, instance:testcases.TC013@fba92d3]" started-at="2022-10-26T14:35:35 IST" name="test1" finished-at="2022-10-26T14:35:42 IST" duration-ms="7385" status="PASS">
          <reporter-output>
          </reporter-output>
        </test-method> <!-- test1 -->
        <test-method signature="test2()[pri:0, instance:testcases.TC013@fba92d3]" started-at="2022-10-26T14:35:42 IST" name="test2" finished-at="2022-10-26T14:35:43 IST" duration-ms="436" status="PASS">
          <reporter-output>
          </reporter-output>
        </test-method> <!-- test2 -->
        <test-method signature="test3()[pri:0, instance:testcases.TC013@fba92d3]" started-at="2022-10-26T14:35:43 IST" name="test3" finished-at="2022-10-26T14:35:44 IST" duration-ms="882" status="PASS">
          <reporter-output>
          </reporter-output>
        </test-method> <!-- test3 -->
        <test-method signature="test11()[pri:0, instance:testcases.TC013@fba92d3]" started-at="2022-10-26T14:35:44 IST" name="test11" finished-at="2022-10-26T14:35:44 IST" duration-ms="306" status="PASS">
          <reporter-output>
          </reporter-output>
        </test-method> <!-- test11 -->
        <test-method signature="test12()[pri:0, instance:testcases.TC013@fba92d3]" started-at="2022-10-26T14:35:44 IST" name="test12" finished-at="2022-10-26T14:35:44 IST" duration-ms="405" status="PASS">
          <reporter-output>
          </reporter-output>
        </test-method> <!-- test12 -->
        <test-method signature="test13()[pri:0, instance:testcases.TC013@fba92d3]" started-at="2022-10-26T14:35:44 IST" name="test13" finished-at="2022-10-26T14:35:45 IST" duration-ms="302" status="PASS">
          <reporter-output>
          </reporter-output>
        </test-method> <!-- test13 -->
        <test-method is-config="true" signature="close_window()[pri:0, instance:testcases.TC013@fba92d3]" started-at="2022-10-26T14:35:45 IST" name="close_window" finished-at="2022-10-26T14:35:45 IST" duration-ms="148" status="PASS">
          <reporter-output>
          </reporter-output>
        </test-method> <!-- close_window -->
      </class> <!-- testcases.TC013 -->
    </test> <!-- Default test -->
  </suite> <!-- Default suite -->
</testng-results>
