<?xml version="1.0" encoding="UTF-8"?>
<!-- Generated by org.testng.reporters.JUnitXMLReporter -->
<testsuite ignored="0" hostname="SPBLRLTU627" failures="0" tests="8" name="Regression" time="21.268" errors="0" timestamp="2022-09-27T17:13:34 IST">
  <testcase classname="Testng.TestNG" name="atest1" time="0.002"/>
  <testcase classname="Testng.TestNG" name="atest2" time="0.002"/>
  <testcase classname="Testng.SoftAssert1" name="titleTest" time="9.975"/>
  <testcase classname="Testng.Group_Testcases" name="atest3" time="0.001"/>
  <testcase classname="Testng.Group_Testcases" name="atest4" time="0.001"/>
  <testcase classname="Testng.Group_Testcases" name="atest1" time="0.001"/>
  <testcase classname="Testng.Group_Testcases" name="atest2" time="0.001"/>
  <testcase classname="Testng.Assert1" name="titleTest" time="11.268"/>
</testsuite> <!-- Regression -->
