<?xml version="1.0" encoding="UTF-8"?>
<!-- Generated by org.testng.reporters.JUnitXMLReporter -->
<testsuite ignored="0" hostname="SPBLRLTU627" failures="0" tests="6" name="Default test" time="9.908" errors="0" timestamp="2022-10-26T14:35:45 IST">
  <testcase classname="testcases.TC001" name="test1" time="7.385"/>
  <testcase classname="testcases.TC002" name="test2" time="0.436"/>
  <testcase classname="testcases.TC003" name="test3" time="0.882"/>
  <testcase classname="testcases.TC011" name="test11" time="0.306"/>
  <testcase classname="testcases.TC012" name="test12" time="0.405"/>
  <testcase classname="testcases.TC013" name="test13" time="0.302"/>
</testsuite> <!-- Default test -->
